<!DOCTYPE html>

<html>
  <head>
  <meta charset='utf-8'>
  <title>TestNG reports</title>

    <link type="text/css" href="testng-reports1.css" rel="stylesheet" id="ultra" />
    <link type="text/css" href="testng-reports.css" rel="stylesheet" id="retro" disabled="false"/>
    <script type="text/javascript" src="jquery.min.js"></script>
    <script type="text/javascript" src="testng-reports.js"></script>
    <script type="text/javascript" src="https://www.google.com/jsapi"></script>
    <script type='text/javascript'>
      google.load('visualization', '1', {packages:['table']});
      google.setOnLoadCallback(drawTable);
      var suiteTableInitFunctions = new Array();
      var suiteTableData = new Array();
    </script>
    <!--
      <script type="text/javascript" src="jquery-ui/js/jquery-ui-1.8.16.custom.min.js"></script>
     -->
  </head>

  <body>
    <div class="top-banner-root">
      <span class="top-banner-title-font">Test results</span>
      <button id="button" class="button">Switch Retro Theme</button> <!-- button -->
      <br/>
      <span class="top-banner-font-1">1 suite, 4 failed tests</span>
    </div> <!-- top-banner-root -->
    <div class="navigator-root">
      <div class="navigator-suite-header">
        <span>All suites</span>
        <a href="#" title="Collapse/expand all the suites" class="collapse-all-link">
          <img src="collapseall.gif" class="collapse-all-icon">
          </img> <!-- collapse-all-icon -->
        </a> <!-- collapse-all-link -->
      </div> <!-- navigator-suite-header -->
      <div class="suite">
        <div class="rounded-window">
          <div class="suite-header light-rounded-window-top">
            <a href="#" panel-name="suite-Selenium_Project___Tests_Cases" class="navigator-link">
              <span class="suite-name border-failed">Selenium Project - Tests Cases</span>
            </a> <!-- navigator-link -->
          </div> <!-- suite-header light-rounded-window-top -->
          <div class="navigator-suite-content">
            <div class="suite-section-title">
              <span>Info</span>
            </div> <!-- suite-section-title -->
            <div class="suite-section-content">
              <ul>
                <li>
                  <a href="#" panel-name="test-xml-Selenium_Project___Tests_Cases" class="navigator-link ">
                    <span>config.xml</span>
                  </a> <!-- navigator-link  -->
                </li>
                <li>
                  <a href="#" panel-name="testlist-Selenium_Project___Tests_Cases" class="navigator-link ">
                    <span class="test-stats">2 tests</span>
                  </a> <!-- navigator-link  -->
                </li>
                <li>
                  <a href="#" panel-name="group-Selenium_Project___Tests_Cases" class="navigator-link ">
                    <span>0 groups</span>
                  </a> <!-- navigator-link  -->
                </li>
                <li>
                  <a href="#" panel-name="times-Selenium_Project___Tests_Cases" class="navigator-link ">
                    <span>Times</span>
                  </a> <!-- navigator-link  -->
                </li>
                <li>
                  <a href="#" panel-name="reporter-Selenium_Project___Tests_Cases" class="navigator-link ">
                    <span>Reporter output</span>
                  </a> <!-- navigator-link  -->
                </li>
                <li>
                  <a href="#" panel-name="ignored-methods-Selenium_Project___Tests_Cases" class="navigator-link ">
                    <span>Ignored methods</span>
                  </a> <!-- navigator-link  -->
                </li>
                <li>
                  <a href="#" panel-name="chronological-Selenium_Project___Tests_Cases" class="navigator-link ">
                    <span>Chronological view</span>
                  </a> <!-- navigator-link  -->
                </li>
              </ul>
            </div> <!-- suite-section-content -->
            <div class="result-section">
              <div class="suite-section-title">
                <span>Results</span>
              </div> <!-- suite-section-title -->
              <div class="suite-section-content">
                <ul>
                  <li>
                    <span class="method-stats">5 methods, 4 failed,   1 passed</span>
                  </li>
                  <li>
                    <span class="method-list-title failed">Failed methods</span>
                    <span class="show-or-hide-methods failed">
                      <a href="#" panel-name="suite-Selenium_Project___Tests_Cases" class="hide-methods failed suite-Selenium_Project___Tests_Cases"> (hide)</a> <!-- hide-methods failed suite-Selenium_Project___Tests_Cases -->
                      <a href="#" panel-name="suite-Selenium_Project___Tests_Cases" class="show-methods failed suite-Selenium_Project___Tests_Cases"> (show)</a> <!-- show-methods failed suite-Selenium_Project___Tests_Cases -->
                    </span>
                    <div class="method-list-content failed suite-Selenium_Project___Tests_Cases">
                      <span>
                        <img src="failed.png" width="3%"/>
                        <a href="#" panel-name="suite-Selenium_Project___Tests_Cases" title="Tests.RegisterPageTests" class="method navigator-link" hash-for-method="test_error_messages_displayed">test_error_messages_displayed</a> <!-- method navigator-link -->
                      </span>
                      <br/>
                      <span>
                        <img src="failed.png" width="3%"/>
                        <a href="#" panel-name="suite-Selenium_Project___Tests_Cases" title="Tests.HeaderPageTests" class="method navigator-link" hash-for-method="verifyEuroCurrencyIsDisplayed">verifyEuroCurrencyIsDisplayed</a> <!-- method navigator-link -->
                      </span>
                      <br/>
                      <span>
                        <img src="failed.png" width="3%"/>
                        <a href="#" panel-name="suite-Selenium_Project___Tests_Cases" title="Tests.HeaderPageTests" class="method navigator-link" hash-for-method="verifyPoundsCurrencyIsDisplayed">verifyPoundsCurrencyIsDisplayed</a> <!-- method navigator-link -->
                      </span>
                      <br/>
                      <span>
                        <img src="failed.png" width="3%"/>
                        <a href="#" panel-name="suite-Selenium_Project___Tests_Cases" title="Tests.HeaderPageTests" class="method navigator-link" hash-for-method="verifyUSDollarCurrencyIsDisplayed">verifyUSDollarCurrencyIsDisplayed</a> <!-- method navigator-link -->
                      </span>
                      <br/>
                    </div> <!-- method-list-content failed suite-Selenium_Project___Tests_Cases -->
                  </li>
                  <li>
                    <span class="method-list-title passed">Passed methods</span>
                    <span class="show-or-hide-methods passed">
                      <a href="#" panel-name="suite-Selenium_Project___Tests_Cases" class="hide-methods passed suite-Selenium_Project___Tests_Cases"> (hide)</a> <!-- hide-methods passed suite-Selenium_Project___Tests_Cases -->
                      <a href="#" panel-name="suite-Selenium_Project___Tests_Cases" class="show-methods passed suite-Selenium_Project___Tests_Cases"> (show)</a> <!-- show-methods passed suite-Selenium_Project___Tests_Cases -->
                    </span>
                    <div class="method-list-content passed suite-Selenium_Project___Tests_Cases">
                      <span>
                        <img src="passed.png" width="3%"/>
                        <a href="#" panel-name="suite-Selenium_Project___Tests_Cases" title="Tests.RegisterPageTests" class="method navigator-link" hash-for-method="test_create_new_account">test_create_new_account</a> <!-- method navigator-link -->
                      </span>
                      <br/>
                    </div> <!-- method-list-content passed suite-Selenium_Project___Tests_Cases -->
                  </li>
                </ul>
              </div> <!-- suite-section-content -->
            </div> <!-- result-section -->
          </div> <!-- navigator-suite-content -->
        </div> <!-- rounded-window -->
      </div> <!-- suite -->
    </div> <!-- navigator-root -->
    <div class="wrapper">
      <div class="main-panel-root">
        <div panel-name="suite-Selenium_Project___Tests_Cases" class="panel Selenium_Project___Tests_Cases">
          <div class="suite-Selenium_Project___Tests_Cases-class-failed">
            <div class="main-panel-header rounded-window-top">
              <img src="failed.png"/>
              <span class="class-name">Tests.RegisterPageTests</span>
            </div> <!-- main-panel-header rounded-window-top -->
            <div class="main-panel-content rounded-window-bottom">
              <div class="method">
                <div class="method-content">
                  <a name="test_error_messages_displayed">
                  </a> <!-- test_error_messages_displayed -->
                  <span class="method-name">test_error_messages_displayed</span>
                  <div class="stack-trace">org.openqa.selenium.NoSuchSessionException: Session ID is null. Using WebDriver after calling quit()?
Build info: version: &apos;4.1.2&apos;, revision: &apos;9a5a329c5a&apos;
System info: host: &apos;Bryans-MacBook-Pro.local&apos;, ip: &apos;fe80:0:0:0:1cb6:72da:17ed:c073%en0&apos;, os.name: &apos;Mac OS X&apos;, os.arch: &apos;x86_64&apos;, os.version: &apos;12.2.1&apos;, java.version: &apos;17.0.1&apos;
Driver info: org.openqa.selenium.chrome.ChromeDriver
Command: [null, findElement {using=css selector, value=div[class=&apos;alert alert-danger alert-dismissible&apos;]}]
Capabilities {acceptInsecureCerts: false, browserName: chrome, browserVersion: 99.0.4844.83, chrome: {chromedriverVersion: 99.0.4844.51 (d537ec02474b5..., userDataDir: /var/folders/r1/d39krdpx5sx...}, goog:chromeOptions: {debuggerAddress: localhost:52100}, javascriptEnabled: true, networkConnectionEnabled: false, pageLoadStrategy: normal, platform: MAC, platformName: MAC, proxy: Proxy(), se:cdp: ws://localhost:52100/devtoo..., se:cdpVersion: 99.0.4844.83, setWindowRect: true, strictFileInteractability: false, timeouts: {implicit: 0, pageLoad: 300000, script: 30000}, unhandledPromptBehavior: dismiss and notify, webauthn:extension:credBlob: true, webauthn:extension:largeBlob: true, webauthn:virtualAuthenticators: true}
	at org.openqa.selenium.remote.HttpCommandExecutor.execute(HttpCommandExecutor.java:145)
	at org.openqa.selenium.remote.service.DriverCommandExecutor.invokeExecute(DriverCommandExecutor.java:167)
	at org.openqa.selenium.remote.service.DriverCommandExecutor.execute(DriverCommandExecutor.java:142)
	at org.openqa.selenium.remote.RemoteWebDriver.execute(RemoteWebDriver.java:558)
	at org.openqa.selenium.remote.ElementLocation$ElementFinder$2.findElement(ElementLocation.java:162)
	at org.openqa.selenium.remote.ElementLocation.findElement(ElementLocation.java:60)
	at org.openqa.selenium.remote.RemoteWebDriver.findElement(RemoteWebDriver.java:382)
	at org.openqa.selenium.remote.RemoteWebDriver.findElement(RemoteWebDriver.java:374)
	at PageObjects.RegisterPage.verifyErrorMsgs(RegisterPage.java:97)
	at Tests.RegisterPageTests.test_error_messages_displayed(RegisterPageTests.java:42)
	at java.base/java.util.ArrayList.forEach(ArrayList.java:1511)
... Removed 31 stack frames
</div> <!-- stack-trace -->
                </div> <!-- method-content -->
              </div> <!-- method -->
            </div> <!-- main-panel-content rounded-window-bottom -->
          </div> <!-- suite-Selenium_Project___Tests_Cases-class-failed -->
          <div class="suite-Selenium_Project___Tests_Cases-class-failed">
            <div class="main-panel-header rounded-window-top">
              <img src="failed.png"/>
              <span class="class-name">Tests.HeaderPageTests</span>
            </div> <!-- main-panel-header rounded-window-top -->
            <div class="main-panel-content rounded-window-bottom">
              <div class="method">
                <div class="method-content">
                  <a name="verifyEuroCurrencyIsDisplayed">
                  </a> <!-- verifyEuroCurrencyIsDisplayed -->
                  <span class="method-name">verifyEuroCurrencyIsDisplayed</span>
                  <div class="stack-trace">java.lang.AssertionError: Currency is not updated to ��� Currency expected [��� Currency ] but found [€ Currency ]
	at Tests.HeaderPageTests.verifyEuroCurrencyIsDisplayed(HeaderPageTests.java:37)
	at java.base/java.util.ArrayList.forEach(ArrayList.java:1511)
... Removed 36 stack frames
</div> <!-- stack-trace -->
                  <em>
(Test to check if currency dropdown is displayed and once changed to select currency, dropdown title is updated with the symbol of the selected currency)                  </em>
                </div> <!-- method-content -->
              </div> <!-- method -->
              <div class="method">
                <div class="method-content">
                  <a name="verifyPoundsCurrencyIsDisplayed">
                  </a> <!-- verifyPoundsCurrencyIsDisplayed -->
                  <span class="method-name">verifyPoundsCurrencyIsDisplayed</span>
                  <div class="stack-trace">org.openqa.selenium.NoSuchSessionException: Session ID is null. Using WebDriver after calling quit()?
Build info: version: &apos;4.1.2&apos;, revision: &apos;9a5a329c5a&apos;
System info: host: &apos;Bryans-MacBook-Pro.local&apos;, ip: &apos;fe80:0:0:0:1cb6:72da:17ed:c073%en0&apos;, os.name: &apos;Mac OS X&apos;, os.arch: &apos;x86_64&apos;, os.version: &apos;12.2.1&apos;, java.version: &apos;17.0.1&apos;
Driver info: org.openqa.selenium.chrome.ChromeDriver
Command: [null, findElement {using=xpath, value=//div[@class=&apos;pull-left&apos;]/form/div/button}]
Capabilities {acceptInsecureCerts: false, browserName: chrome, browserVersion: 99.0.4844.83, chrome: {chromedriverVersion: 99.0.4844.51 (d537ec02474b5..., userDataDir: /var/folders/r1/d39krdpx5sx...}, goog:chromeOptions: {debuggerAddress: localhost:52027}, javascriptEnabled: true, networkConnectionEnabled: false, pageLoadStrategy: normal, platform: MAC, platformName: MAC, proxy: Proxy(), se:cdp: ws://localhost:52027/devtoo..., se:cdpVersion: 99.0.4844.83, setWindowRect: true, strictFileInteractability: false, timeouts: {implicit: 0, pageLoad: 300000, script: 30000}, unhandledPromptBehavior: dismiss and notify, webauthn:extension:credBlob: true, webauthn:extension:largeBlob: true, webauthn:virtualAuthenticators: true}
	at org.openqa.selenium.remote.HttpCommandExecutor.execute(HttpCommandExecutor.java:145)
	at org.openqa.selenium.remote.service.DriverCommandExecutor.invokeExecute(DriverCommandExecutor.java:167)
	at org.openqa.selenium.remote.service.DriverCommandExecutor.execute(DriverCommandExecutor.java:142)
	at org.openqa.selenium.remote.RemoteWebDriver.execute(RemoteWebDriver.java:558)
	at org.openqa.selenium.remote.ElementLocation$ElementFinder$2.findElement(ElementLocation.java:162)
	at org.openqa.selenium.remote.ElementLocation.findElement(ElementLocation.java:60)
	at org.openqa.selenium.remote.RemoteWebDriver.findElement(RemoteWebDriver.java:382)
	at org.openqa.selenium.remote.RemoteWebDriver.findElement(RemoteWebDriver.java:374)
	at PageObjects.HeaderPage.getActualCurrency(HeaderPage.java:79)
	at Tests.HeaderPageTests.verifyPoundsCurrencyIsDisplayed(HeaderPageTests.java:48)
	at java.base/java.util.ArrayList.forEach(ArrayList.java:1511)
... Removed 31 stack frames
</div> <!-- stack-trace -->
                  <em>
(Test to check if currency dropdown is displayed and once changed to select currency, dropdown title is updated with the symbol of the selected currency)                  </em>
                </div> <!-- method-content -->
              </div> <!-- method -->
              <div class="method">
                <div class="method-content">
                  <a name="verifyUSDollarCurrencyIsDisplayed">
                  </a> <!-- verifyUSDollarCurrencyIsDisplayed -->
                  <span class="method-name">verifyUSDollarCurrencyIsDisplayed</span>
                  <div class="stack-trace">org.openqa.selenium.NoSuchSessionException: Session ID is null. Using WebDriver after calling quit()?
Build info: version: &apos;4.1.2&apos;, revision: &apos;9a5a329c5a&apos;
System info: host: &apos;Bryans-MacBook-Pro.local&apos;, ip: &apos;fe80:0:0:0:1cb6:72da:17ed:c073%en0&apos;, os.name: &apos;Mac OS X&apos;, os.arch: &apos;x86_64&apos;, os.version: &apos;12.2.1&apos;, java.version: &apos;17.0.1&apos;
Driver info: org.openqa.selenium.chrome.ChromeDriver
Command: [null, findElement {using=xpath, value=//div[@class=&apos;pull-left&apos;]/form/div/button}]
Capabilities {acceptInsecureCerts: false, browserName: chrome, browserVersion: 99.0.4844.83, chrome: {chromedriverVersion: 99.0.4844.51 (d537ec02474b5..., userDataDir: /var/folders/r1/d39krdpx5sx...}, goog:chromeOptions: {debuggerAddress: localhost:52027}, javascriptEnabled: true, networkConnectionEnabled: false, pageLoadStrategy: normal, platform: MAC, platformName: MAC, proxy: Proxy(), se:cdp: ws://localhost:52027/devtoo..., se:cdpVersion: 99.0.4844.83, setWindowRect: true, strictFileInteractability: false, timeouts: {implicit: 0, pageLoad: 300000, script: 30000}, unhandledPromptBehavior: dismiss and notify, webauthn:extension:credBlob: true, webauthn:extension:largeBlob: true, webauthn:virtualAuthenticators: true}
	at org.openqa.selenium.remote.HttpCommandExecutor.execute(HttpCommandExecutor.java:145)
	at org.openqa.selenium.remote.service.DriverCommandExecutor.invokeExecute(DriverCommandExecutor.java:167)
	at org.openqa.selenium.remote.service.DriverCommandExecutor.execute(DriverCommandExecutor.java:142)
	at org.openqa.selenium.remote.RemoteWebDriver.execute(RemoteWebDriver.java:558)
	at org.openqa.selenium.remote.ElementLocation$ElementFinder$2.findElement(ElementLocation.java:162)
	at org.openqa.selenium.remote.ElementLocation.findElement(ElementLocation.java:60)
	at org.openqa.selenium.remote.RemoteWebDriver.findElement(RemoteWebDriver.java:382)
	at org.openqa.selenium.remote.RemoteWebDriver.findElement(RemoteWebDriver.java:374)
	at PageObjects.HeaderPage.getActualCurrency(HeaderPage.java:79)
	at Tests.HeaderPageTests.verifyUSDollarCurrencyIsDisplayed(HeaderPageTests.java:26)
	at java.base/java.util.ArrayList.forEach(ArrayList.java:1511)
... Removed 31 stack frames
</div> <!-- stack-trace -->
                  <em>
(Test to check if currency dropdown is displayed and once changed to select currency, dropdown title is updated with the symbol of the selected currency)                  </em>
                </div> <!-- method-content -->
              </div> <!-- method -->
            </div> <!-- main-panel-content rounded-window-bottom -->
          </div> <!-- suite-Selenium_Project___Tests_Cases-class-failed -->
          <div class="suite-Selenium_Project___Tests_Cases-class-passed">
            <div class="main-panel-header rounded-window-top">
              <img src="passed.png"/>
              <span class="class-name">Tests.RegisterPageTests</span>
            </div> <!-- main-panel-header rounded-window-top -->
            <div class="main-panel-content rounded-window-bottom">
              <div class="method">
                <div class="method-content">
                  <a name="test_create_new_account">
                  </a> <!-- test_create_new_account -->
                  <span class="method-name">test_create_new_account</span>
                </div> <!-- method-content -->
              </div> <!-- method -->
            </div> <!-- main-panel-content rounded-window-bottom -->
          </div> <!-- suite-Selenium_Project___Tests_Cases-class-passed -->
        </div> <!-- panel Selenium_Project___Tests_Cases -->
        <div panel-name="test-xml-Selenium_Project___Tests_Cases" class="panel">
          <div class="main-panel-header rounded-window-top">
            <span class="header-content">/Users/bryanguzman/git/Portafolio-Selenium-Project/src/test/resources/config.xml</span>
          </div> <!-- main-panel-header rounded-window-top -->
          <div class="main-panel-content rounded-window-bottom">
            <pre>
&lt;?xml version=&quot;1.0&quot; encoding=&quot;UTF-8&quot;?&gt;
&lt;!DOCTYPE suite SYSTEM &quot;https://testng.org/testng-1.0.dtd&quot;&gt;
&lt;suite name=&quot;Selenium Project - Tests Cases&quot; guice-stage=&quot;DEVELOPMENT&quot; verbose=&quot;0&quot;&gt;
  &lt;test thread-count=&quot;5&quot; name=&quot;Header Page Tests&quot; verbose=&quot;0&quot;&gt;
    &lt;parameter name=&quot;browser&quot; value=&quot;chrome&quot;/&gt;
    &lt;classes&gt;
      &lt;class name=&quot;Tests.HeaderPageTests&quot;/&gt;
    &lt;/classes&gt;
  &lt;/test&gt; &lt;!-- Header Page Tests --&gt;
  &lt;test thread-count=&quot;5&quot; name=&quot;Register Page Tests&quot; verbose=&quot;0&quot;&gt;
    &lt;parameter name=&quot;browser&quot; value=&quot;chrome&quot;/&gt;
    &lt;classes&gt;
      &lt;class name=&quot;Tests.RegisterPageTests&quot;/&gt;
    &lt;/classes&gt;
  &lt;/test&gt; &lt;!-- Register Page Tests --&gt;
&lt;/suite&gt; &lt;!-- Selenium Project - Tests Cases --&gt;
            </pre>
          </div> <!-- main-panel-content rounded-window-bottom -->
        </div> <!-- panel -->
        <div panel-name="testlist-Selenium_Project___Tests_Cases" class="panel">
          <div class="main-panel-header rounded-window-top">
            <span class="header-content">Tests for Selenium Project - Tests Cases</span>
          </div> <!-- main-panel-header rounded-window-top -->
          <div class="main-panel-content rounded-window-bottom">
            <ul>
              <li>
                <span class="test-name">Header Page Tests (1 class)</span>
              </li>
              <li>
                <span class="test-name">Register Page Tests (1 class)</span>
              </li>
            </ul>
          </div> <!-- main-panel-content rounded-window-bottom -->
        </div> <!-- panel -->
        <div panel-name="group-Selenium_Project___Tests_Cases" class="panel">
          <div class="main-panel-header rounded-window-top">
            <span class="header-content">Groups for Selenium Project - Tests Cases</span>
          </div> <!-- main-panel-header rounded-window-top -->
          <div class="main-panel-content rounded-window-bottom">
          </div> <!-- main-panel-content rounded-window-bottom -->
        </div> <!-- panel -->
        <div panel-name="times-Selenium_Project___Tests_Cases" class="panel">
          <div class="main-panel-header rounded-window-top">
            <span class="header-content">Times for Selenium Project - Tests Cases</span>
          </div> <!-- main-panel-header rounded-window-top -->
          <div class="main-panel-content rounded-window-bottom">
            <div class="times-div">
              <script type="text/javascript">
suiteTableInitFunctions.push('tableData_Selenium_Project___Tests_Cases');
function tableData_Selenium_Project___Tests_Cases() {
var data = new google.visualization.DataTable();
data.addColumn('number', 'Number');
data.addColumn('string', 'Method');
data.addColumn('string', 'Class');
data.addColumn('number', 'Time (ms)');
data.addRows(5);
data.setCell(0, 0, 0)
data.setCell(0, 1, 'test_create_new_account')
data.setCell(0, 2, 'Tests.RegisterPageTests')
data.setCell(0, 3, 3947);
data.setCell(1, 0, 1)
data.setCell(1, 1, 'verifyEuroCurrencyIsDisplayed')
data.setCell(1, 2, 'Tests.HeaderPageTests')
data.setCell(1, 3, 765);
data.setCell(2, 0, 2)
data.setCell(2, 1, 'verifyPoundsCurrencyIsDisplayed')
data.setCell(2, 2, 'Tests.HeaderPageTests')
data.setCell(2, 3, 13);
data.setCell(3, 0, 3)
data.setCell(3, 1, 'verifyUSDollarCurrencyIsDisplayed')
data.setCell(3, 2, 'Tests.HeaderPageTests')
data.setCell(3, 3, 3);
data.setCell(4, 0, 4)
data.setCell(4, 1, 'test_error_messages_displayed')
data.setCell(4, 2, 'Tests.RegisterPageTests')
data.setCell(4, 3, 2);
window.suiteTableData['Selenium_Project___Tests_Cases']= { tableData: data, tableDiv: 'times-div-Selenium_Project___Tests_Cases'}
return data;
}
              </script>
              <span class="suite-total-time">Total running time: 4 seconds</span>
              <div id="times-div-Selenium_Project___Tests_Cases">
              </div> <!-- times-div-Selenium_Project___Tests_Cases -->
            </div> <!-- times-div -->
          </div> <!-- main-panel-content rounded-window-bottom -->
        </div> <!-- panel -->
        <div panel-name="reporter-Selenium_Project___Tests_Cases" class="panel">
          <div class="main-panel-header rounded-window-top">
            <span class="header-content">Reporter output for Selenium Project - Tests Cases</span>
          </div> <!-- main-panel-header rounded-window-top -->
          <div class="main-panel-content rounded-window-bottom">
          </div> <!-- main-panel-content rounded-window-bottom -->
        </div> <!-- panel -->
        <div panel-name="ignored-methods-Selenium_Project___Tests_Cases" class="panel">
          <div class="main-panel-header rounded-window-top">
            <span class="header-content">0 ignored methods</span>
          </div> <!-- main-panel-header rounded-window-top -->
          <div class="main-panel-content rounded-window-bottom">
          </div> <!-- main-panel-content rounded-window-bottom -->
        </div> <!-- panel -->
        <div panel-name="chronological-Selenium_Project___Tests_Cases" class="panel">
          <div class="main-panel-header rounded-window-top">
            <span class="header-content">Methods in chronological order</span>
          </div> <!-- main-panel-header rounded-window-top -->
          <div class="main-panel-content rounded-window-bottom">
            <div class="chronological-class">
              <div class="chronological-class-name">Tests.HeaderPageTests</div> <!-- chronological-class-name -->
              <div class="configuration-method before">
                <span class="method-name">before(chrome)</span>
                <span class="method-start">0 ms</span>
              </div> <!-- configuration-method before -->
              <div class="test-method">
                <img src="failed.png">
                </img>
                <span class="method-name">verifyEuroCurrencyIsDisplayed</span>
                <span class="method-start">4625 ms</span>
              </div> <!-- test-method -->
              <div class="configuration-method after">
                <span class="method-name">after</span>
                <span class="method-start">5393 ms</span>
              </div> <!-- configuration-method after -->
              <div class="configuration-method before">
                <span class="method-name">before(chrome)</span>
                <span class="method-start">5500 ms</span>
              </div> <!-- configuration-method before -->
              <div class="test-method">
                <img src="failed.png">
                </img>
                <span class="method-name">verifyPoundsCurrencyIsDisplayed</span>
                <span class="method-start">8954 ms</span>
              </div> <!-- test-method -->
              <div class="configuration-method after">
                <span class="method-name">after</span>
                <span class="method-start">8968 ms</span>
              </div> <!-- configuration-method after -->
              <div class="configuration-method before">
                <span class="method-name">before(chrome)</span>
                <span class="method-start">9078 ms</span>
              </div> <!-- configuration-method before -->
              <div class="test-method">
                <img src="failed.png">
                </img>
                <span class="method-name">verifyUSDollarCurrencyIsDisplayed</span>
                <span class="method-start">12668 ms</span>
              </div> <!-- test-method -->
              <div class="configuration-method after">
                <span class="method-name">after</span>
                <span class="method-start">12672 ms</span>
              </div> <!-- configuration-method after -->
            </div> <!-- chronological-class -->
            <div class="chronological-class">
              <div class="chronological-class-name">Tests.RegisterPageTests</div> <!-- chronological-class-name -->
              <div class="configuration-method before">
                <span class="method-name">before(chrome)</span>
                <span class="method-start">12802 ms</span>
              </div> <!-- configuration-method before -->
              <div class="test-method">
                <span class="method-name">test_create_new_account</span>
                <span class="method-start">16254 ms</span>
              </div> <!-- test-method -->
              <div class="configuration-method after">
                <span class="method-name">after</span>
                <span class="method-start">20201 ms</span>
              </div> <!-- configuration-method after -->
              <div class="configuration-method before">
                <span class="method-name">before(chrome)</span>
                <span class="method-start">20309 ms</span>
              </div> <!-- configuration-method before -->
              <div class="test-method">
                <img src="failed.png">
                </img>
                <span class="method-name">test_error_messages_displayed</span>
                <span class="method-start">23699 ms</span>
              </div> <!-- test-method -->
              <div class="configuration-method after">
                <span class="method-name">after</span>
                <span class="method-start">23701 ms</span>
              </div> <!-- configuration-method after -->
          </div> <!-- main-panel-content rounded-window-bottom -->
        </div> <!-- panel -->
      </div> <!-- main-panel-root -->
    </div> <!-- wrapper -->
  </body>
<script type="text/javascript" src="testng-reports2.js"></script>
</html>
